<?xml version="1.0" encoding="UTF-8"?>
<testng-results ignored="0" total="2" passed="2" failed="0" skipped="0">
  <reporter-output>
  </reporter-output>
  <suite started-at="2024-04-27T08:53:28 IST" name="Default suite" finished-at="2024-04-27T08:53:28 IST" duration-ms="69">
    <groups>
    </groups>
    <test started-at="2024-04-27T08:53:28 IST" name="Default test" finished-at="2024-04-27T08:53:28 IST" duration-ms="69">
      <class name="test.NormalClass">
        <test-method signature="tc1()[pri:0, instance:test.NormalClass@52b1beb6]" started-at="2024-04-27T08:53:28 IST" name="tc1" finished-at="2024-04-27T08:53:28 IST" duration-ms="10" status="PASS">
          <reporter-output>
          </reporter-output>
        </test-method> <!-- tc1 -->
        <test-method signature="tc2()[pri:0, instance:test.NormalClass@52b1beb6]" started-at="2024-04-27T08:53:28 IST" name="tc2" finished-at="2024-04-27T08:53:28 IST" duration-ms="3" status="PASS">
          <reporter-output>
          </reporter-output>
        </test-method> <!-- tc2 -->
      </class> <!-- test.NormalClass -->
    </test> <!-- Default test -->
  </suite> <!-- Default suite -->
</testng-results>
