<?xml version="1.0" encoding="UTF-8"?>
<!-- Generated by org.testng.reporters.JUnitXMLReporter -->
<testsuite ignored="0" hostname="Asus_Machine" failures="0" tests="6" name="Login" time="0.113" errors="0" timestamp="2024-07-02T21:32:18 IST">
  <testcase classname="co.edurekatraining.NewTest" name="Testcase" time="0.006"/>
  <testcase classname="co.edurekatraining.NewTest" name="tc1" time="0.018"/>
  <testcase classname="co.edurekatraining.NewTest" name="tc2" time="0.002"/>
  <testcase classname="co.edurekatraining.NewTest" name="tc3" time="0.002"/>
  <testcase classname="co.edurekatraining.NewTest" name="tc4" time="0.001"/>
  <testcase classname="co.edurekatraining.NewTest" name="tc5" time="0.002"/>
</testsuite> <!-- Login -->
